2026-02-07 22:26:07,678 - aqt.main - ERROR - installer 396 Invalid version: '6.8'! Please use the form '5.X.Y'.
2026-02-07 22:26:44,502 - aqt.helper - DEBUG - helper 3140 Attempt to download checksum at https://download.qt.io/online/qtsdkrepository/windows_x86/desktop/qt6_670/Updates.xml.sha256
2026-02-07 22:27:04,090 - aqt.main - INFO - installer 22324 aqtinstall(aqt) v3.3.0 on Python 3.13.3 [CPython MSC v.1943 64 bit (AMD64)]
2026-02-07 22:27:04,091 - aqt.helper - DEBUG - helper 22324 Attempt to download checksum at https://download.qt.io/online/qtsdkrepository/windows_x86/desktop/qt6_670/Updates.xml.sha256
2026-02-07 22:27:06,209 - aqt.helper - DEBUG - helper 24232 Attempt to download checksum at https://download.qt.io/online/qtsdkrepository/windows_x86/desktop/qt6_670/qt.qt6.670.win64_msvc2019_64/6.7.0-0-202403252230qtbase-Windows-Windows_10_22H2-MSVC2019-Windows-Windows_10_22H2-X86_64.7z.sha256
2026-02-07 22:27:06,226 - aqt.helper - DEBUG - helper 13580 Attempt to download checksum at https://download.qt.io/online/qtsdkrepository/windows_x86/desktop/qt6_670/qt.qt6.670.win64_msvc2019_64/6.7.0-0-202403252230qtsvg-Windows-Windows_10_22H2-MSVC2019-Windows-Windows_10_22H2-X86_64.7z.sha256
2026-02-07 22:27:06,226 - aqt.helper - DEBUG - helper 8912 Attempt to download checksum at https://download.qt.io/online/qtsdkrepository/windows_x86/desktop/qt6_670/qt.qt6.670.win64_msvc2019_64/6.7.0-0-202403252230qtdeclarative-Windows-Windows_10_22H2-MSVC2019-Windows-Windows_10_22H2-X86_64.7z.sha256
2026-02-07 22:27:06,241 - aqt.helper - DEBUG - helper 11324 Attempt to download checksum at https://download.qt.io/online/qtsdkrepository/windows_x86/desktop/qt6_670/qt.qt6.670.win64_msvc2019_64/6.7.0-0-202403252230qttools-Windows-Windows_10_22H2-MSVC2019-Windows-Windows_10_22H2-X86_64.7z.sha256
2026-02-07 22:27:06,552 - aqt.helper - INFO - helper 24232 Downloading qtbase...
2026-02-07 22:27:06,552 - aqt.installer - DEBUG - installer 24232 Download URL: https://download.qt.io/online/qtsdkrepository/windows_x86/desktop/qt6_670/qt.qt6.670.win64_msvc2019_64/6.7.0-0-202403252230qtbase-Windows-Windows_10_22H2-MSVC2019-Windows-Windows_10_22H2-X86_64.7z
2026-02-07 22:27:06,585 - aqt.helper - INFO - helper 8912 Downloading qtdeclarative...
2026-02-07 22:27:06,585 - aqt.installer - DEBUG - installer 8912 Download URL: https://download.qt.io/online/qtsdkrepository/windows_x86/desktop/qt6_670/qt.qt6.670.win64_msvc2019_64/6.7.0-0-202403252230qtdeclarative-Windows-Windows_10_22H2-MSVC2019-Windows-Windows_10_22H2-X86_64.7z
2026-02-07 22:27:06,608 - aqt.helper - INFO - helper 13580 Downloading qtsvg...
2026-02-07 22:27:06,608 - aqt.installer - DEBUG - installer 13580 Download URL: https://download.qt.io/online/qtsdkrepository/windows_x86/desktop/qt6_670/qt.qt6.670.win64_msvc2019_64/6.7.0-0-202403252230qtsvg-Windows-Windows_10_22H2-MSVC2019-Windows-Windows_10_22H2-X86_64.7z
2026-02-07 22:27:06,612 - aqt.helper - INFO - helper 11324 Downloading qttools...
2026-02-07 22:27:06,612 - aqt.installer - DEBUG - installer 11324 Download URL: https://download.qt.io/online/qtsdkrepository/windows_x86/desktop/qt6_670/qt.qt6.670.win64_msvc2019_64/6.7.0-0-202403252230qttools-Windows-Windows_10_22H2-MSVC2019-Windows-Windows_10_22H2-X86_64.7z
2026-02-07 22:27:06,947 - aqt.helper - DEBUG - helper 11324 Asked to redirect(302) to: https://ftp.fau.de/qtproject/online/qtsdkrepository/windows_x86/desktop/qt6_670/qt.qt6.670.win64_msvc2019_64/6.7.0-0-202403252230qttools-Windows-Windows_10_22H2-MSVC2019-Windows-Windows_10_22H2-X86_64.7z
2026-02-07 22:27:06,948 - aqt.helper - INFO - helper 11324 Redirected: ftp.fau.de
2026-02-07 22:27:06,950 - aqt.helper - DEBUG - helper 13580 Asked to redirect(302) to: https://ftp.fau.de/qtproject/online/qtsdkrepository/windows_x86/desktop/qt6_670/qt.qt6.670.win64_msvc2019_64/6.7.0-0-202403252230qtsvg-Windows-Windows_10_22H2-MSVC2019-Windows-Windows_10_22H2-X86_64.7z
2026-02-07 22:27:06,950 - aqt.helper - INFO - helper 13580 Redirected: ftp.fau.de
2026-02-07 22:27:06,957 - aqt.helper - DEBUG - helper 24232 Asked to redirect(302) to: https://ftp.fau.de/qtproject/online/qtsdkrepository/windows_x86/desktop/qt6_670/qt.qt6.670.win64_msvc2019_64/6.7.0-0-202403252230qtbase-Windows-Windows_10_22H2-MSVC2019-Windows-Windows_10_22H2-X86_64.7z
2026-02-07 22:27:06,957 - aqt.helper - INFO - helper 24232 Redirected: ftp.fau.de
2026-02-07 22:27:06,986 - aqt.helper - DEBUG - helper 8912 Asked to redirect(302) to: https://ftp.fau.de/qtproject/online/qtsdkrepository/windows_x86/desktop/qt6_670/qt.qt6.670.win64_msvc2019_64/6.7.0-0-202403252230qtdeclarative-Windows-Windows_10_22H2-MSVC2019-Windows-Windows_10_22H2-X86_64.7z
2026-02-07 22:27:06,986 - aqt.helper - INFO - helper 8912 Redirected: ftp.fau.de
2026-02-07 22:27:07,592 - aqt.installer - INFO - installer 13580 Finished installation of qtsvg-Windows-Windows_10_22H2-MSVC2019-Windows-Windows_10_22H2-X86_64.7z in 1.36796750
2026-02-07 22:27:07,609 - aqt.helper - DEBUG - helper 13580 Attempt to download checksum at https://download.qt.io/online/qtsdkrepository/windows_x86/desktop/qt6_670/qt.qt6.670.win64_msvc2019_64/6.7.0-0-202403252230qttranslations-Windows-Windows_10_22H2-MSVC2019-Windows-Windows_10_22H2-X86_64.7z.sha256
2026-02-07 22:27:07,986 - aqt.helper - INFO - helper 13580 Downloading qttranslations...
2026-02-07 22:27:07,986 - aqt.installer - DEBUG - installer 13580 Download URL: https://download.qt.io/online/qtsdkrepository/windows_x86/desktop/qt6_670/qt.qt6.670.win64_msvc2019_64/6.7.0-0-202403252230qttranslations-Windows-Windows_10_22H2-MSVC2019-Windows-Windows_10_22H2-X86_64.7z
2026-02-07 22:27:08,372 - aqt.helper - DEBUG - helper 13580 Asked to redirect(302) to: https://ftp.fau.de/qtproject/online/qtsdkrepository/windows_x86/desktop/qt6_670/qt.qt6.670.win64_msvc2019_64/6.7.0-0-202403252230qttranslations-Windows-Windows_10_22H2-MSVC2019-Windows-Windows_10_22H2-X86_64.7z
2026-02-07 22:27:08,372 - aqt.helper - INFO - helper 13580 Redirected: ftp.fau.de
2026-02-07 22:27:09,619 - aqt.installer - INFO - installer 13580 Finished installation of qttranslations-Windows-Windows_10_22H2-MSVC2019-Windows-Windows_10_22H2-X86_64.7z in 2.01231990
2026-02-07 22:27:09,639 - aqt.helper - DEBUG - helper 13580 Attempt to download checksum at https://download.qt.io/online/qtsdkrepository/windows_x86/desktop/qt6_670/qt.qt6.670.win64_msvc2019_64/6.7.0-0-202403252230d3dcompiler_47-x64.7z.sha256
2026-02-07 22:27:09,987 - aqt.helper - INFO - helper 13580 Downloading d3dcompiler_47...
2026-02-07 22:27:09,987 - aqt.installer - DEBUG - installer 13580 Download URL: https://download.qt.io/online/qtsdkrepository/windows_x86/desktop/qt6_670/qt.qt6.670.win64_msvc2019_64/6.7.0-0-202403252230d3dcompiler_47-x64.7z
2026-02-07 22:27:10,348 - aqt.helper - DEBUG - helper 13580 Asked to redirect(302) to: https://ftp.fau.de/qtproject/online/qtsdkrepository/windows_x86/desktop/qt6_670/qt.qt6.670.win64_msvc2019_64/6.7.0-0-202403252230d3dcompiler_47-x64.7z
2026-02-07 22:27:10,349 - aqt.helper - INFO - helper 13580 Redirected: ftp.fau.de
2026-02-07 22:27:11,576 - aqt.installer - INFO - installer 13580 Finished installation of d3dcompiler_47-x64.7z in 1.94038790
2026-02-07 22:27:11,589 - aqt.helper - DEBUG - helper 13580 Attempt to download checksum at https://download.qt.io/online/qtsdkrepository/windows_x86/desktop/qt6_670/qt.qt6.670.win64_msvc2019_64/6.7.0-0-202403252230opengl32sw-64-mesa_11_2_2-signed_sha256.7z.sha256
2026-02-07 22:27:11,935 - aqt.helper - INFO - helper 13580 Downloading opengl32sw...
2026-02-07 22:27:11,935 - aqt.installer - DEBUG - installer 13580 Download URL: https://download.qt.io/online/qtsdkrepository/windows_x86/desktop/qt6_670/qt.qt6.670.win64_msvc2019_64/6.7.0-0-202403252230opengl32sw-64-mesa_11_2_2-signed_sha256.7z
2026-02-07 22:27:12,321 - aqt.helper - DEBUG - helper 13580 Asked to redirect(302) to: https://ftp.fau.de/qtproject/online/qtsdkrepository/windows_x86/desktop/qt6_670/qt.qt6.670.win64_msvc2019_64/6.7.0-0-202403252230opengl32sw-64-mesa_11_2_2-signed_sha256.7z
2026-02-07 22:27:12,321 - aqt.helper - INFO - helper 13580 Redirected: ftp.fau.de
2026-02-07 22:27:14,812 - aqt.installer - INFO - installer 13580 Finished installation of opengl32sw-64-mesa_11_2_2-signed_sha256.7z in 3.22564990
2026-02-07 22:27:34,766 - aqt.installer - INFO - installer 11324 Finished installation of qttools-Windows-Windows_10_22H2-MSVC2019-Windows-Windows_10_22H2-X86_64.7z in 28.52792800
2026-02-07 22:28:01,089 - aqt.installer - INFO - installer 24232 Finished installation of qtbase-Windows-Windows_10_22H2-MSVC2019-Windows-Windows_10_22H2-X86_64.7z in 54.88149530
2026-02-07 22:28:25,936 - aqt.installer - INFO - installer 8912 Finished installation of qtdeclarative-Windows-Windows_10_22H2-MSVC2019-Windows-Windows_10_22H2-X86_64.7z in 79.71232350
2026-02-07 22:28:27,561 - aqt.updater - INFO - updater 22324 Patching C:\Qt\6.7.0\msvc2019_64\bin\qmake.exe
2026-02-07 22:28:27,571 - aqt.updater - INFO - updater 22324 Patching C:\Qt\6.7.0\msvc2019_64\lib\Qt6Concurrent.prl
2026-02-07 22:28:27,574 - aqt.updater - INFO - updater 22324 Patching C:\Qt\6.7.0\msvc2019_64\lib\Qt6Concurrentd.prl
2026-02-07 22:28:27,576 - aqt.updater - INFO - updater 22324 Patching C:\Qt\6.7.0\msvc2019_64\lib\Qt6Core.prl
2026-02-07 22:28:27,578 - aqt.updater - INFO - updater 22324 Patching C:\Qt\6.7.0\msvc2019_64\lib\Qt6Cored.prl
2026-02-07 22:28:27,581 - aqt.updater - INFO - updater 22324 Patching C:\Qt\6.7.0\msvc2019_64\lib\Qt6DBus.prl
2026-02-07 22:28:27,583 - aqt.updater - INFO - updater 22324 Patching C:\Qt\6.7.0\msvc2019_64\lib\Qt6DBusd.prl
2026-02-07 22:28:27,585 - aqt.updater - INFO - updater 22324 Patching C:\Qt\6.7.0\msvc2019_64\lib\Qt6Designer.prl
2026-02-07 22:28:27,588 - aqt.updater - INFO - updater 22324 Patching C:\Qt\6.7.0\msvc2019_64\lib\Qt6DesignerComponents.prl
2026-02-07 22:28:27,589 - aqt.updater - INFO - updater 22324 Patching C:\Qt\6.7.0\msvc2019_64\lib\Qt6DesignerComponentsd.prl
2026-02-07 22:28:27,592 - aqt.updater - INFO - updater 22324 Patching C:\Qt\6.7.0\msvc2019_64\lib\Qt6Designerd.prl
2026-02-07 22:28:27,595 - aqt.updater - INFO - updater 22324 Patching C:\Qt\6.7.0\msvc2019_64\lib\Qt6DeviceDiscoverySupport.prl
2026-02-07 22:28:27,598 - aqt.updater - INFO - updater 22324 Patching C:\Qt\6.7.0\msvc2019_64\lib\Qt6DeviceDiscoverySupportd.prl
2026-02-07 22:28:27,601 - aqt.updater - INFO - updater 22324 Patching C:\Qt\6.7.0\msvc2019_64\lib\Qt6EntryPoint.prl
2026-02-07 22:28:27,603 - aqt.updater - INFO - updater 22324 Patching C:\Qt\6.7.0\msvc2019_64\lib\Qt6EntryPointd.prl
2026-02-07 22:28:27,608 - aqt.updater - INFO - updater 22324 Patching C:\Qt\6.7.0\msvc2019_64\lib\Qt6ExampleIcons.prl
2026-02-07 22:28:27,612 - aqt.updater - INFO - updater 22324 Patching C:\Qt\6.7.0\msvc2019_64\lib\Qt6ExampleIconsd.prl
2026-02-07 22:28:27,619 - aqt.updater - INFO - updater 22324 Patching C:\Qt\6.7.0\msvc2019_64\lib\Qt6FbSupport.prl
2026-02-07 22:28:27,622 - aqt.updater - INFO - updater 22324 Patching C:\Qt\6.7.0\msvc2019_64\lib\Qt6FbSupportd.prl
2026-02-07 22:28:27,624 - aqt.updater - INFO - updater 22324 Patching C:\Qt\6.7.0\msvc2019_64\lib\Qt6Gui.prl
2026-02-07 22:28:27,626 - aqt.updater - INFO - updater 22324 Patching C:\Qt\6.7.0\msvc2019_64\lib\Qt6Guid.prl
2026-02-07 22:28:27,629 - aqt.updater - INFO - updater 22324 Patching C:\Qt\6.7.0\msvc2019_64\lib\Qt6Help.prl
2026-02-07 22:28:27,631 - aqt.updater - INFO - updater 22324 Patching C:\Qt\6.7.0\msvc2019_64\lib\Qt6Helpd.prl
2026-02-07 22:28:27,636 - aqt.updater - INFO - updater 22324 Patching C:\Qt\6.7.0\msvc2019_64\lib\Qt6LabsAnimation.prl
2026-02-07 22:28:27,637 - aqt.updater - INFO - updater 22324 Patching C:\Qt\6.7.0\msvc2019_64\lib\Qt6LabsAnimationd.prl
2026-02-07 22:28:27,639 - aqt.updater - INFO - updater 22324 Patching C:\Qt\6.7.0\msvc2019_64\lib\Qt6LabsFolderListModel.prl
2026-02-07 22:28:27,642 - aqt.updater - INFO - updater 22324 Patching C:\Qt\6.7.0\msvc2019_64\lib\Qt6LabsFolderListModeld.prl
2026-02-07 22:28:27,648 - aqt.updater - INFO - updater 22324 Patching C:\Qt\6.7.0\msvc2019_64\lib\Qt6LabsQmlModels.prl
2026-02-07 22:28:27,650 - aqt.updater - INFO - updater 22324 Patching C:\Qt\6.7.0\msvc2019_64\lib\Qt6LabsQmlModelsd.prl
2026-02-07 22:28:27,658 - aqt.updater - INFO - updater 22324 Patching C:\Qt\6.7.0\msvc2019_64\lib\Qt6LabsSettings.prl
2026-02-07 22:28:27,661 - aqt.updater - INFO - updater 22324 Patching C:\Qt\6.7.0\msvc2019_64\lib\Qt6LabsSettingsd.prl
2026-02-07 22:28:27,663 - aqt.updater - INFO - updater 22324 Patching C:\Qt\6.7.0\msvc2019_64\lib\Qt6LabsSharedImage.prl
2026-02-07 22:28:27,685 - aqt.updater - INFO - updater 22324 Patching C:\Qt\6.7.0\msvc2019_64\lib\Qt6LabsSharedImaged.prl
2026-02-07 22:28:27,688 - aqt.updater - INFO - updater 22324 Patching C:\Qt\6.7.0\msvc2019_64\lib\Qt6LabsWavefrontMesh.prl
2026-02-07 22:28:27,692 - aqt.updater - INFO - updater 22324 Patching C:\Qt\6.7.0\msvc2019_64\lib\Qt6LabsWavefrontMeshd.prl
2026-02-07 22:28:27,699 - aqt.updater - INFO - updater 22324 Patching C:\Qt\6.7.0\msvc2019_64\lib\Qt6Network.prl
2026-02-07 22:28:27,708 - aqt.updater - INFO - updater 22324 Patching C:\Qt\6.7.0\msvc2019_64\lib\Qt6Networkd.prl
2026-02-07 22:28:27,733 - aqt.updater - INFO - updater 22324 Patching C:\Qt\6.7.0\msvc2019_64\lib\Qt6OpenGL.prl
2026-02-07 22:28:27,738 - aqt.updater - INFO - updater 22324 Patching C:\Qt\6.7.0\msvc2019_64\lib\Qt6OpenGLd.prl
2026-02-07 22:28:27,741 - aqt.updater - INFO - updater 22324 Patching C:\Qt\6.7.0\msvc2019_64\lib\Qt6OpenGLWidgets.prl
2026-02-07 22:28:27,768 - aqt.updater - INFO - updater 22324 Patching C:\Qt\6.7.0\msvc2019_64\lib\Qt6OpenGLWidgetsd.prl
2026-02-07 22:28:27,775 - aqt.updater - INFO - updater 22324 Patching C:\Qt\6.7.0\msvc2019_64\lib\Qt6PacketProtocol.prl
2026-02-07 22:28:27,779 - aqt.updater - INFO - updater 22324 Patching C:\Qt\6.7.0\msvc2019_64\lib\Qt6PacketProtocold.prl
2026-02-07 22:28:27,782 - aqt.updater - INFO - updater 22324 Patching C:\Qt\6.7.0\msvc2019_64\lib\Qt6PrintSupport.prl
2026-02-07 22:28:27,784 - aqt.updater - INFO - updater 22324 Patching C:\Qt\6.7.0\msvc2019_64\lib\Qt6PrintSupportd.prl
2026-02-07 22:28:27,790 - aqt.updater - INFO - updater 22324 Patching C:\Qt\6.7.0\msvc2019_64\lib\Qt6Qml.prl
2026-02-07 22:28:27,793 - aqt.updater - INFO - updater 22324 Patching C:\Qt\6.7.0\msvc2019_64\lib\Qt6QmlBuiltins.prl
2026-02-07 22:28:27,797 - aqt.updater - INFO - updater 22324 Patching C:\Qt\6.7.0\msvc2019_64\lib\Qt6QmlBuiltinsd.prl
2026-02-07 22:28:27,800 - aqt.updater - INFO - updater 22324 Patching C:\Qt\6.7.0\msvc2019_64\lib\Qt6QmlCompiler.prl
2026-02-07 22:28:27,802 - aqt.updater - INFO - updater 22324 Patching C:\Qt\6.7.0\msvc2019_64\lib\Qt6QmlCompilerd.prl
2026-02-07 22:28:27,804 - aqt.updater - INFO - updater 22324 Patching C:\Qt\6.7.0\msvc2019_64\lib\Qt6QmlCore.prl
2026-02-07 22:28:27,805 - aqt.updater - INFO - updater 22324 Patching C:\Qt\6.7.0\msvc2019_64\lib\Qt6QmlCored.prl
2026-02-07 22:28:27,806 - aqt.updater - INFO - updater 22324 Patching C:\Qt\6.7.0\msvc2019_64\lib\Qt6Qmld.prl
2026-02-07 22:28:27,811 - aqt.updater - INFO - updater 22324 Patching C:\Qt\6.7.0\msvc2019_64\lib\Qt6QmlDebug.prl
2026-02-07 22:28:27,814 - aqt.updater - INFO - updater 22324 Patching C:\Qt\6.7.0\msvc2019_64\lib\Qt6QmlDebugd.prl
2026-02-07 22:28:27,817 - aqt.updater - INFO - updater 22324 Patching C:\Qt\6.7.0\msvc2019_64\lib\Qt6QmlDom.prl
2026-02-07 22:28:27,818 - aqt.updater - INFO - updater 22324 Patching C:\Qt\6.7.0\msvc2019_64\lib\Qt6QmlDomd.prl
2026-02-07 22:28:27,821 - aqt.updater - INFO - updater 22324 Patching C:\Qt\6.7.0\msvc2019_64\lib\Qt6QmlLocalStorage.prl
2026-02-07 22:28:27,824 - aqt.updater - INFO - updater 22324 Patching C:\Qt\6.7.0\msvc2019_64\lib\Qt6QmlLocalStoraged.prl
2026-02-07 22:28:27,826 - aqt.updater - INFO - updater 22324 Patching C:\Qt\6.7.0\msvc2019_64\lib\Qt6QmlLS.prl
2026-02-07 22:28:27,829 - aqt.updater - INFO - updater 22324 Patching C:\Qt\6.7.0\msvc2019_64\lib\Qt6QmlLSd.prl
2026-02-07 22:28:27,832 - aqt.updater - INFO - updater 22324 Patching C:\Qt\6.7.0\msvc2019_64\lib\Qt6QmlModels.prl
2026-02-07 22:28:27,835 - aqt.updater - INFO - updater 22324 Patching C:\Qt\6.7.0\msvc2019_64\lib\Qt6QmlModelsd.prl
2026-02-07 22:28:27,838 - aqt.updater - INFO - updater 22324 Patching C:\Qt\6.7.0\msvc2019_64\lib\Qt6QmlNetwork.prl
2026-02-07 22:28:27,840 - aqt.updater - INFO - updater 22324 Patching C:\Qt\6.7.0\msvc2019_64\lib\Qt6QmlNetworkd.prl
2026-02-07 22:28:27,843 - aqt.updater - INFO - updater 22324 Patching C:\Qt\6.7.0\msvc2019_64\lib\Qt6QmlToolingSettings.prl
2026-02-07 22:28:27,845 - aqt.updater - INFO - updater 22324 Patching C:\Qt\6.7.0\msvc2019_64\lib\Qt6QmlToolingSettingsd.prl
2026-02-07 22:28:27,846 - aqt.updater - INFO - updater 22324 Patching C:\Qt\6.7.0\msvc2019_64\lib\Qt6QmlTypeRegistrar.prl
2026-02-07 22:28:27,848 - aqt.updater - INFO - updater 22324 Patching C:\Qt\6.7.0\msvc2019_64\lib\Qt6QmlTypeRegistrard.prl
2026-02-07 22:28:27,852 - aqt.updater - INFO - updater 22324 Patching C:\Qt\6.7.0\msvc2019_64\lib\Qt6QmlWorkerScript.prl
2026-02-07 22:28:27,853 - aqt.updater - INFO - updater 22324 Patching C:\Qt\6.7.0\msvc2019_64\lib\Qt6QmlWorkerScriptd.prl
2026-02-07 22:28:27,855 - aqt.updater - INFO - updater 22324 Patching C:\Qt\6.7.0\msvc2019_64\lib\Qt6QmlXmlListModel.prl
2026-02-07 22:28:27,858 - aqt.updater - INFO - updater 22324 Patching C:\Qt\6.7.0\msvc2019_64\lib\Qt6QmlXmlListModeld.prl
2026-02-07 22:28:27,859 - aqt.updater - INFO - updater 22324 Patching C:\Qt\6.7.0\msvc2019_64\lib\Qt6Quick.prl
2026-02-07 22:28:27,860 - aqt.updater - INFO - updater 22324 Patching C:\Qt\6.7.0\msvc2019_64\lib\Qt6QuickControls2.prl
2026-02-07 22:28:27,862 - aqt.updater - INFO - updater 22324 Patching C:\Qt\6.7.0\msvc2019_64\lib\Qt6QuickControls2Basic.prl
2026-02-07 22:28:27,865 - aqt.updater - INFO - updater 22324 Patching C:\Qt\6.7.0\msvc2019_64\lib\Qt6QuickControls2Basicd.prl
2026-02-07 22:28:27,866 - aqt.updater - INFO - updater 22324 Patching C:\Qt\6.7.0\msvc2019_64\lib\Qt6QuickControls2BasicStyleImpl.prl
2026-02-07 22:28:27,869 - aqt.updater - INFO - updater 22324 Patching C:\Qt\6.7.0\msvc2019_64\lib\Qt6QuickControls2BasicStyleImpld.prl
2026-02-07 22:28:27,873 - aqt.updater - INFO - updater 22324 Patching C:\Qt\6.7.0\msvc2019_64\lib\Qt6QuickControls2d.prl
2026-02-07 22:28:27,874 - aqt.updater - INFO - updater 22324 Patching C:\Qt\6.7.0\msvc2019_64\lib\Qt6QuickControls2Fusion.prl
2026-02-07 22:28:27,878 - aqt.updater - INFO - updater 22324 Patching C:\Qt\6.7.0\msvc2019_64\lib\Qt6QuickControls2Fusiond.prl
2026-02-07 22:28:27,880 - aqt.updater - INFO - updater 22324 Patching C:\Qt\6.7.0\msvc2019_64\lib\Qt6QuickControls2FusionStyleImpl.prl
2026-02-07 22:28:27,881 - aqt.updater - INFO - updater 22324 Patching C:\Qt\6.7.0\msvc2019_64\lib\Qt6QuickControls2FusionStyleImpld.prl
2026-02-07 22:28:27,885 - aqt.updater - INFO - updater 22324 Patching C:\Qt\6.7.0\msvc2019_64\lib\Qt6QuickControls2Imagine.prl
2026-02-07 22:28:27,887 - aqt.updater - INFO - updater 22324 Patching C:\Qt\6.7.0\msvc2019_64\lib\Qt6QuickControls2Imagined.prl
2026-02-07 22:28:27,887 - aqt.updater - INFO - updater 22324 Patching C:\Qt\6.7.0\msvc2019_64\lib\Qt6QuickControls2ImagineStyleImpl.prl
2026-02-07 22:28:27,889 - aqt.updater - INFO - updater 22324 Patching C:\Qt\6.7.0\msvc2019_64\lib\Qt6QuickControls2ImagineStyleImpld.prl
2026-02-07 22:28:27,891 - aqt.updater - INFO - updater 22324 Patching C:\Qt\6.7.0\msvc2019_64\lib\Qt6QuickControls2Impl.prl
2026-02-07 22:28:27,893 - aqt.updater - INFO - updater 22324 Patching C:\Qt\6.7.0\msvc2019_64\lib\Qt6QuickControls2Impld.prl
2026-02-07 22:28:27,893 - aqt.updater - INFO - updater 22324 Patching C:\Qt\6.7.0\msvc2019_64\lib\Qt6QuickControls2Material.prl
2026-02-07 22:28:27,894 - aqt.updater - INFO - updater 22324 Patching C:\Qt\6.7.0\msvc2019_64\lib\Qt6QuickControls2Materiald.prl
2026-02-07 22:28:27,895 - aqt.updater - INFO - updater 22324 Patching C:\Qt\6.7.0\msvc2019_64\lib\Qt6QuickControls2MaterialStyleImpl.prl
2026-02-07 22:28:27,898 - aqt.updater - INFO - updater 22324 Patching C:\Qt\6.7.0\msvc2019_64\lib\Qt6QuickControls2MaterialStyleImpld.prl
2026-02-07 22:28:27,900 - aqt.updater - INFO - updater 22324 Patching C:\Qt\6.7.0\msvc2019_64\lib\Qt6QuickControls2Universal.prl
2026-02-07 22:28:27,901 - aqt.updater - INFO - updater 22324 Patching C:\Qt\6.7.0\msvc2019_64\lib\Qt6QuickControls2Universald.prl
2026-02-07 22:28:27,901 - aqt.updater - INFO - updater 22324 Patching C:\Qt\6.7.0\msvc2019_64\lib\Qt6QuickControls2UniversalStyleImpl.prl
2026-02-07 22:28:27,903 - aqt.updater - INFO - updater 22324 Patching C:\Qt\6.7.0\msvc2019_64\lib\Qt6QuickControls2UniversalStyleImpld.prl
2026-02-07 22:28:27,907 - aqt.updater - INFO - updater 22324 Patching C:\Qt\6.7.0\msvc2019_64\lib\Qt6QuickControls2WindowsStyleImpl.prl
2026-02-07 22:28:27,909 - aqt.updater - INFO - updater 22324 Patching C:\Qt\6.7.0\msvc2019_64\lib\Qt6QuickControls2WindowsStyleImpld.prl
2026-02-07 22:28:27,911 - aqt.updater - INFO - updater 22324 Patching C:\Qt\6.7.0\msvc2019_64\lib\Qt6QuickControlsTestUtils.prl
2026-02-07 22:28:27,914 - aqt.updater - INFO - updater 22324 Patching C:\Qt\6.7.0\msvc2019_64\lib\Qt6QuickControlsTestUtilsd.prl
2026-02-07 22:28:27,915 - aqt.updater - INFO - updater 22324 Patching C:\Qt\6.7.0\msvc2019_64\lib\Qt6Quickd.prl
2026-02-07 22:28:27,917 - aqt.updater - INFO - updater 22324 Patching C:\Qt\6.7.0\msvc2019_64\lib\Qt6QuickDialogs2.prl
2026-02-07 22:28:27,920 - aqt.updater - INFO - updater 22324 Patching C:\Qt\6.7.0\msvc2019_64\lib\Qt6QuickDialogs2d.prl
2026-02-07 22:28:27,921 - aqt.updater - INFO - updater 22324 Patching C:\Qt\6.7.0\msvc2019_64\lib\Qt6QuickDialogs2QuickImpl.prl
2026-02-07 22:28:27,922 - aqt.updater - INFO - updater 22324 Patching C:\Qt\6.7.0\msvc2019_64\lib\Qt6QuickDialogs2QuickImpld.prl
2026-02-07 22:28:27,923 - aqt.updater - INFO - updater 22324 Patching C:\Qt\6.7.0\msvc2019_64\lib\Qt6QuickDialogs2Utils.prl
2026-02-07 22:28:27,927 - aqt.updater - INFO - updater 22324 Patching C:\Qt\6.7.0\msvc2019_64\lib\Qt6QuickDialogs2Utilsd.prl
2026-02-07 22:28:27,929 - aqt.updater - INFO - updater 22324 Patching C:\Qt\6.7.0\msvc2019_64\lib\Qt6QuickEffects.prl
2026-02-07 22:28:27,932 - aqt.updater - INFO - updater 22324 Patching C:\Qt\6.7.0\msvc2019_64\lib\Qt6QuickEffectsd.prl
2026-02-07 22:28:27,935 - aqt.updater - INFO - updater 22324 Patching C:\Qt\6.7.0\msvc2019_64\lib\Qt6QuickLayouts.prl
2026-02-07 22:28:27,936 - aqt.updater - INFO - updater 22324 Patching C:\Qt\6.7.0\msvc2019_64\lib\Qt6QuickLayoutsd.prl
2026-02-07 22:28:27,939 - aqt.updater - INFO - updater 22324 Patching C:\Qt\6.7.0\msvc2019_64\lib\Qt6QuickParticles.prl
2026-02-07 22:28:27,941 - aqt.updater - INFO - updater 22324 Patching C:\Qt\6.7.0\msvc2019_64\lib\Qt6QuickParticlesd.prl
2026-02-07 22:28:27,943 - aqt.updater - INFO - updater 22324 Patching C:\Qt\6.7.0\msvc2019_64\lib\Qt6QuickShapes.prl
2026-02-07 22:28:27,944 - aqt.updater - INFO - updater 22324 Patching C:\Qt\6.7.0\msvc2019_64\lib\Qt6QuickShapesd.prl
2026-02-07 22:28:27,946 - aqt.updater - INFO - updater 22324 Patching C:\Qt\6.7.0\msvc2019_64\lib\Qt6QuickTemplates2.prl
2026-02-07 22:28:27,948 - aqt.updater - INFO - updater 22324 Patching C:\Qt\6.7.0\msvc2019_64\lib\Qt6QuickTemplates2d.prl
2026-02-07 22:28:27,949 - aqt.updater - INFO - updater 22324 Patching C:\Qt\6.7.0\msvc2019_64\lib\Qt6QuickTest.prl
2026-02-07 22:28:27,950 - aqt.updater - INFO - updater 22324 Patching C:\Qt\6.7.0\msvc2019_64\lib\Qt6QuickTestd.prl
2026-02-07 22:28:27,954 - aqt.updater - INFO - updater 22324 Patching C:\Qt\6.7.0\msvc2019_64\lib\Qt6QuickTestUtils.prl
2026-02-07 22:28:27,956 - aqt.updater - INFO - updater 22324 Patching C:\Qt\6.7.0\msvc2019_64\lib\Qt6QuickTestUtilsd.prl
2026-02-07 22:28:27,957 - aqt.updater - INFO - updater 22324 Patching C:\Qt\6.7.0\msvc2019_64\lib\Qt6QuickWidgets.prl
2026-02-07 22:28:27,962 - aqt.updater - INFO - updater 22324 Patching C:\Qt\6.7.0\msvc2019_64\lib\Qt6QuickWidgetsd.prl
2026-02-07 22:28:27,963 - aqt.updater - INFO - updater 22324 Patching C:\Qt\6.7.0\msvc2019_64\lib\Qt6Sql.prl
2026-02-07 22:28:27,964 - aqt.updater - INFO - updater 22324 Patching C:\Qt\6.7.0\msvc2019_64\lib\Qt6Sqld.prl
2026-02-07 22:28:27,967 - aqt.updater - INFO - updater 22324 Patching C:\Qt\6.7.0\msvc2019_64\lib\Qt6Svg.prl
2026-02-07 22:28:27,969 - aqt.updater - INFO - updater 22324 Patching C:\Qt\6.7.0\msvc2019_64\lib\Qt6Svgd.prl
2026-02-07 22:28:27,970 - aqt.updater - INFO - updater 22324 Patching C:\Qt\6.7.0\msvc2019_64\lib\Qt6SvgWidgets.prl
2026-02-07 22:28:27,971 - aqt.updater - INFO - updater 22324 Patching C:\Qt\6.7.0\msvc2019_64\lib\Qt6SvgWidgetsd.prl
2026-02-07 22:28:27,974 - aqt.updater - INFO - updater 22324 Patching C:\Qt\6.7.0\msvc2019_64\lib\Qt6Test.prl
2026-02-07 22:28:27,977 - aqt.updater - INFO - updater 22324 Patching C:\Qt\6.7.0\msvc2019_64\lib\Qt6Testd.prl
2026-02-07 22:28:27,979 - aqt.updater - INFO - updater 22324 Patching C:\Qt\6.7.0\msvc2019_64\lib\Qt6UiTools.prl
2026-02-07 22:28:27,982 - aqt.updater - INFO - updater 22324 Patching C:\Qt\6.7.0\msvc2019_64\lib\Qt6UiToolsd.prl
2026-02-07 22:28:27,983 - aqt.updater - INFO - updater 22324 Patching C:\Qt\6.7.0\msvc2019_64\lib\Qt6Widgets.prl
2026-02-07 22:28:27,984 - aqt.updater - INFO - updater 22324 Patching C:\Qt\6.7.0\msvc2019_64\lib\Qt6Widgetsd.prl
2026-02-07 22:28:27,985 - aqt.updater - INFO - updater 22324 Patching C:\Qt\6.7.0\msvc2019_64\lib\Qt6Xml.prl
2026-02-07 22:28:27,990 - aqt.updater - INFO - updater 22324 Patching C:\Qt\6.7.0\msvc2019_64\lib\Qt6Xmld.prl
2026-02-07 22:28:27,991 - aqt.main - INFO - installer 22324 Finished installation
2026-02-07 22:28:27,992 - aqt.main - INFO - installer 22324 Time elapsed: 83.90117340 second
